[0.023s] Invoking command in '/home/jellyfish/ws_moveit/src/build/first_pkg': CMAKE_PREFIX_PATH=${CMAKE_PREFIX_PATH}:/home/jellyfish/ws_moveit/install/moveit_configs_utils:/home/jellyfish/ws_moveit/install/launch_param_builder:/opt/ros/humble /usr/bin/cmake --build /home/jellyfish/ws_moveit/src/build/first_pkg -- -j12 -l12
[0.120s] [35m[1mConsolidate compiler generated dependencies of target first_pkg[0m
[0.192s] [ 50%] [32mBuilding CXX object CMakeFiles/first_pkg.dir/src/first_pkg.cpp.o[0m
[4.733s] [01m[K/home/jellyfish/ws_moveit/src/first_pkg/src/first_pkg.cpp:[m[K In function â€˜[01m[Kint main(int, char**)[m[Kâ€™:
[4.733s] [01m[K/home/jellyfish/ws_moveit/src/first_pkg/src/first_pkg.cpp:70:9:[m[K [01;31m[Kerror: [m[Kexpected primary-expression before â€˜[01m[K.[m[Kâ€™ token
[4.733s]    70 |   rclcpp[01;31m[K.[m[Kshutdown();
[4.733s]       |         [01;31m[K^[m[K
[6.878s] gmake[2]: *** [CMakeFiles/first_pkg.dir/build.make:76: CMakeFiles/first_pkg.dir/src/first_pkg.cpp.o] Error 1
[6.879s] gmake[1]: *** [CMakeFiles/Makefile2:137: CMakeFiles/first_pkg.dir/all] Error 2
[6.879s] gmake: *** [Makefile:146: all] Error 2
[6.882s] Invoked command in '/home/jellyfish/ws_moveit/src/build/first_pkg' returned '2': CMAKE_PREFIX_PATH=${CMAKE_PREFIX_PATH}:/home/jellyfish/ws_moveit/install/moveit_configs_utils:/home/jellyfish/ws_moveit/install/launch_param_builder:/opt/ros/humble /usr/bin/cmake --build /home/jellyfish/ws_moveit/src/build/first_pkg -- -j12 -l12
